2024-09-29 10:21:12,387 [INFO] Activator:176 - 


2024-09-29 10:21:12,393 [INFO] Activator:177 - !SESSION log4j initialized
2024-09-29 10:21:19,684 [INFO] LogOutputStream:77 - [STDOUT_REDIRECT] 
2024-09-29 10:21:21,862 [INFO] ApplicationProperties:184 - Using Application install path: C:\ST\STM32CubeIDE_1.15.1\STM32CubeIDE\plugins\com.st.stm32cube.common.mx_6.11.1.202404110753
2024-09-29 10:21:21,886 [INFO] DbMcusXml:78 - Set database path to: C:\ST\STM32CubeIDE_1.15.1\STM32CubeIDE\plugins\com.st.stm32cube.common.mx_6.11.1.202404110753\\db\/mcu/
2024-09-29 10:21:21,887 [INFO] ApiDb:274 - Set plugin database path to: C:\ST\STM32CubeIDE_1.15.1\STM32CubeIDE\plugins\com.st.stm32cube.common.mx_6.11.1.202404110753\\db\/plugins/boardmanager/
2024-09-29 10:21:21,887 [WARN] ApiDb:259 - Overriding images path with different value:  => C:\ST\STM32CubeIDE_1.15.1\STM32CubeIDE\plugins\com.st.stm32cube.common.mx_6.11.1.202404110753\\db\/plugins/mcufinder/images/
2024-09-29 10:21:21,900 [INFO] ApiDb:250 - Set database path to: C:\Users\Asif\.stmcufinder\plugins\mcufinder//mcu/
2024-09-29 10:21:21,901 [INFO] DbMcusAds:125 - Set database path to: C:\Users\Asif\.stmcufinder\plugins\mcufinder//mcu/
2024-09-29 10:21:21,903 [INFO] CrossReferenceDbSqlite:203 - Set database path to: C:\Users\Asif\.stmcufinder\plugins\mcufinder//mcu/cs/
2024-09-29 10:21:22,081 [INFO] RulesReader:64 - Compatibility file has been processed (297 Rules)
2024-09-29 10:21:22,178 [INFO] DbMcusXml:78 - Set database path to: C:\ST\STM32CubeIDE_1.15.1\STM32CubeIDE\plugins\com.st.stm32cube.common.mx_6.11.1.202404110753\\db\/mcu/
2024-09-29 10:21:22,178 [INFO] ApiDb:274 - Set plugin database path to: C:\ST\STM32CubeIDE_1.15.1\STM32CubeIDE\plugins\com.st.stm32cube.common.mx_6.11.1.202404110753\\db\/plugins/boardmanager/
2024-09-29 10:21:22,178 [INFO] ApiDb:261 - Set plugin images path to: C:\ST\STM32CubeIDE_1.15.1\STM32CubeIDE\plugins\com.st.stm32cube.common.mx_6.11.1.202404110753\\db\/plugins/mcufinder/images/
2024-09-29 10:21:22,179 [WARN] DbFile:41 - Overriding database path with different value: C:\Users\Asif\.stmcufinder\plugins\mcufinder/ => C:\Users\Asif\.stmcufinder\plugins\mcufinder
2024-09-29 10:21:22,179 [INFO] ApiDb:250 - Set database path to: C:\Users\Asif\.stmcufinder\plugins\mcufinder//mcu/
2024-09-29 10:21:22,179 [WARN] DbFile:41 - Overriding database path with different value: C:\Users\Asif\.stmcufinder\plugins\mcufinder/ => C:\Users\Asif\.stmcufinder\plugins\mcufinder
2024-09-29 10:21:22,179 [INFO] DbMcusAds:125 - Set database path to: C:\Users\Asif\.stmcufinder\plugins\mcufinder//mcu/
2024-09-29 10:21:22,179 [WARN] DbFile:41 - Overriding database path with different value: C:\Users\Asif\.stmcufinder\plugins\mcufinder/ => C:\Users\Asif\.stmcufinder\plugins\mcufinder
2024-09-29 10:21:22,179 [WARN] DbFile:41 - Overriding database path with different value: C:\Users\Asif\.stmcufinder\plugins\mcufinder/ => C:\Users\Asif\.stmcufinder\plugins\mcufinder
2024-09-29 10:21:22,179 [INFO] CrossReferenceDbSqlite:203 - Set database path to: C:\Users\Asif\.stmcufinder\plugins\mcufinder//mcu/cs/
2024-09-29 10:21:22,268 [INFO] MainPanel:264 - HeapMemory: 268435456
2024-09-29 10:21:22,371 [INFO] DbMcusXml:78 - Set database path to: C:\ST\STM32CubeIDE_1.15.1\STM32CubeIDE\plugins\com.st.stm32cube.common.mx_6.11.1.202404110753\\db\/mcu/
2024-09-29 10:21:22,371 [INFO] ApiDb:274 - Set plugin database path to: C:\ST\STM32CubeIDE_1.15.1\STM32CubeIDE\plugins\com.st.stm32cube.common.mx_6.11.1.202404110753\\db\/plugins/boardmanager/
2024-09-29 10:21:22,371 [INFO] ApiDb:261 - Set plugin images path to: C:\ST\STM32CubeIDE_1.15.1\STM32CubeIDE\plugins\com.st.stm32cube.common.mx_6.11.1.202404110753\\db\/plugins/mcufinder/images/
2024-09-29 10:21:22,371 [WARN] DbFile:41 - Overriding database path with different value: C:\Users\Asif\.stmcufinder\plugins\mcufinder/ => C:\Users\Asif\.stmcufinder\plugins\mcufinder
2024-09-29 10:21:22,371 [INFO] ApiDb:250 - Set database path to: C:\Users\Asif\.stmcufinder\plugins\mcufinder//mcu/
2024-09-29 10:21:22,371 [WARN] DbFile:41 - Overriding database path with different value: C:\Users\Asif\.stmcufinder\plugins\mcufinder/ => C:\Users\Asif\.stmcufinder\plugins\mcufinder
2024-09-29 10:21:22,371 [INFO] DbMcusAds:125 - Set database path to: C:\Users\Asif\.stmcufinder\plugins\mcufinder//mcu/
2024-09-29 10:21:22,372 [WARN] DbFile:41 - Overriding database path with different value: C:\Users\Asif\.stmcufinder\plugins\mcufinder/ => C:\Users\Asif\.stmcufinder\plugins\mcufinder
2024-09-29 10:21:22,372 [WARN] DbFile:41 - Overriding database path with different value: C:\Users\Asif\.stmcufinder\plugins\mcufinder/ => C:\Users\Asif\.stmcufinder\plugins\mcufinder
2024-09-29 10:21:22,372 [INFO] CrossReferenceDbSqlite:203 - Set database path to: C:\Users\Asif\.stmcufinder\plugins\mcufinder//mcu/cs/
2024-09-29 10:21:22,392 [INFO] ApplicationProperties:184 - Using Application install path: C:\ST\STM32CubeIDE_1.15.1\STM32CubeIDE\plugins\com.st.stm32cube.common.mx_6.11.1.202404110753
2024-09-29 10:21:22,394 [INFO] PluginManage:196 - Search for loadable plugins [exclusion list=, ]
2024-09-29 10:21:22,394 [INFO] PluginManage:310 - Check plugin analytics
2024-09-29 10:21:22,576 [INFO] AnalyticsPlugin:253 - Accepted Software Licenses: 
2024-09-29 10:21:22,577 [INFO] AnalyticsPlugin:255 - Accepted CMSIS Pack Licenses: 
2024-09-29 10:21:22,577 [INFO] AnalyticsPlugin:257 - Accepted Firmware Licenses: FW.F4.1.28.0
2024-09-29 10:21:22,579 [INFO] PluginManage:359 - Loaded plugin analytics (category:tool,tabindex:-1)
2024-09-29 10:21:22,580 [INFO] PluginManage:310 - Check plugin cadmodel
2024-09-29 10:21:22,596 [INFO] CADModel:105 - Init CAD model plugin
2024-09-29 10:21:22,596 [INFO] PluginManage:359 - Loaded plugin cadmodel (category:power,tabindex:5)
2024-09-29 10:21:22,597 [INFO] PluginManage:310 - Check plugin clock
2024-09-29 10:21:22,619 [INFO] PluginManage:359 - Loaded plugin clock (category:base,tabindex:2)
2024-09-29 10:21:22,620 [INFO] PluginManage:310 - Check plugin ddr
2024-09-29 10:21:22,622 [INFO] PluginManage:359 - Loaded plugin ddr (category:tool,tabindex:6)
2024-09-29 10:21:22,622 [INFO] PluginManage:310 - Check plugin filemanager
2024-09-29 10:21:22,765 [INFO] PluginManage:359 - Loaded plugin filemanager (category:base,tabindex:10)
2024-09-29 10:21:22,766 [INFO] PluginManage:310 - Check plugin ipmanager
2024-09-29 10:21:22,773 [INFO] PluginManage:359 - Loaded plugin ipmanager (category:base,tabindex:5)
2024-09-29 10:21:22,773 [INFO] PluginManage:310 - Check plugin lpbam
2024-09-29 10:21:22,791 [INFO] PluginManage:359 - Loaded plugin lpbam (category:base,tabindex:0)
2024-09-29 10:21:22,792 [INFO] PluginManage:310 - Check plugin memorymap
2024-09-29 10:21:22,817 [INFO] PluginManage:359 - Loaded plugin memorymap (category:base,tabindex:4)
2024-09-29 10:21:22,817 [INFO] PluginManage:310 - Check plugin pinoutandconfiguration
2024-09-29 10:21:22,839 [INFO] PluginManage:359 - Loaded plugin pinoutandconfiguration (category:base,tabindex:1)
2024-09-29 10:21:22,839 [INFO] PluginManage:310 - Check plugin pinoutconfig
2024-09-29 10:21:22,990 [WARN] SupportedApi:132 - Cannot load RTOS API schema: s4s-elt-must-match.1: The content of 'definitions' must match (annotation?, (simpleType | complexType)?, (unique | key | keyref)*)). A problem was found starting at: attribute.
2024-09-29 10:21:23,139 [INFO] PluginManage:359 - Loaded plugin pinoutconfig (category:base,tabindex:0)
2024-09-29 10:21:23,139 [INFO] PluginManage:310 - Check plugin power
2024-09-29 10:21:23,166 [INFO] PluginManage:359 - Loaded plugin power (category:power,tabindex:4)
2024-09-29 10:21:23,167 [INFO] PluginManage:310 - Check plugin projectmanager
2024-09-29 10:21:23,189 [INFO] PluginManage:359 - Loaded plugin projectmanager (category:projectmanager,tabindex:3)
2024-09-29 10:21:23,189 [INFO] PluginManage:310 - Check plugin thirdparty
2024-09-29 10:21:23,597 [INFO] PluginManage:359 - Loaded plugin thirdparty (category:base,tabindex:-1)
2024-09-29 10:21:23,597 [INFO] PluginManage:310 - Check plugin tools
2024-09-29 10:21:23,611 [WARN] IntegrityCheckThread:84 - waiting for thirdparty lock release [integrity check]
2024-09-29 10:21:23,612 [INFO] IntegrityCheckThread:86 - entering critical section [integrity check]
2024-09-29 10:21:23,612 [INFO] ThirdPartyUpdaterWithRetryManager:70 - Updater plugin not ready yet. [1/15]
2024-09-29 10:21:23,658 [INFO] PluginManage:359 - Loaded plugin tools (category:base,tabindex:7)
2024-09-29 10:21:23,658 [INFO] PluginManage:310 - Check plugin tutovideos
2024-09-29 10:21:23,880 [INFO] PluginManage:359 - Loaded plugin tutovideos (category:base,tabindex:-1)
2024-09-29 10:21:23,881 [INFO] PluginManage:310 - Check plugin updater
2024-09-29 10:21:23,891 [INFO] PluginManage:359 - Loaded plugin updater (category:base,tabindex:12)
2024-09-29 10:21:23,891 [INFO] PluginManage:310 - Check plugin userauth
2024-09-29 10:21:23,897 [INFO] UserAuth:114 - Init User Auth plugin
2024-09-29 10:21:23,897 [INFO] PluginManage:359 - Loaded plugin userauth (category:base,tabindex:14)
2024-09-29 10:21:23,897 [INFO] PluginManage:283 - PluginManage : Loaded plugins [17]
2024-09-29 10:21:24,113 [INFO] PinOutPanel:1561 - setPackage(No Configuration,No Configuration)
2024-09-29 10:21:24,186 [INFO] CADModel:165 - CPN selected for project level
2024-09-29 10:21:24,186 [INFO] CADModel:114 - Register for checkConnection events
2024-09-29 10:21:24,212 [INFO] IPUIPlugin:80 - create IPUIPlugin
2024-09-29 10:21:24,212 [INFO] PluginManager:220 - loadIPPluginJar : add adc
2024-09-29 10:21:24,248 [INFO] IPUIPlugin:80 - create IPUIPlugin
2024-09-29 10:21:24,248 [INFO] PluginManager:220 - loadIPPluginJar : add aes
2024-09-29 10:21:24,290 [INFO] IPUIPlugin:80 - create IPUIPlugin
2024-09-29 10:21:24,290 [INFO] PluginManager:220 - loadIPPluginJar : add can
2024-09-29 10:21:24,315 [INFO] IPUIPlugin:80 - create IPUIPlugin
2024-09-29 10:21:24,315 [INFO] PluginManager:220 - loadIPPluginJar : add comp
2024-09-29 10:21:24,351 [INFO] IPUIPlugin:80 - create IPUIPlugin
2024-09-29 10:21:24,351 [INFO] PluginManager:220 - loadIPPluginJar : add cryp
2024-09-29 10:21:24,382 [INFO] IPUIPlugin:80 - create IPUIPlugin
2024-09-29 10:21:24,382 [INFO] PluginManager:220 - loadIPPluginJar : add dfsdm
2024-09-29 10:21:24,397 [INFO] IPUIPlugin:80 - create IPUIPlugin
2024-09-29 10:21:24,397 [INFO] PluginManager:220 - loadIPPluginJar : add dma
2024-09-29 10:21:24,441 [INFO] IPUIPlugin:80 - create IPUIPlugin
2024-09-29 10:21:24,441 [INFO] PluginManager:220 - loadIPPluginJar : add dma3
2024-09-29 10:21:24,489 [INFO] IPUIPlugin:80 - create IPUIPlugin
2024-09-29 10:21:24,489 [INFO] PluginManager:220 - loadIPPluginJar : add extmemmanager
2024-09-29 10:21:24,508 [INFO] IPUIPlugin:80 - create IPUIPlugin
2024-09-29 10:21:24,508 [INFO] PluginManager:220 - loadIPPluginJar : add fatfs
2024-09-29 10:21:24,558 [INFO] IPUIPlugin:80 - create IPUIPlugin
2024-09-29 10:21:24,558 [INFO] PluginManager:220 - loadIPPluginJar : add fmc
2024-09-29 10:21:24,575 [INFO] IPUIPlugin:80 - create IPUIPlugin
2024-09-29 10:21:24,576 [INFO] PluginManager:220 - loadIPPluginJar : add freertos
2024-09-29 10:21:24,596 [INFO] IPUIPlugin:80 - create IPUIPlugin
2024-09-29 10:21:24,596 [INFO] PluginManager:220 - loadIPPluginJar : add genericplugin
2024-09-29 10:21:24,693 [INFO] IPUIPlugin:80 - create IPUIPlugin
2024-09-29 10:21:24,693 [INFO] PluginManager:220 - loadIPPluginJar : add gfxmmu
2024-09-29 10:21:24,829 [INFO] IPUIPlugin:80 - create IPUIPlugin
2024-09-29 10:21:24,829 [INFO] PluginManager:220 - loadIPPluginJar : add gic
2024-09-29 10:21:24,843 [INFO] IPUIPlugin:80 - create IPUIPlugin
2024-09-29 10:21:24,843 [INFO] PluginManager:220 - loadIPPluginJar : add gpio
2024-09-29 10:21:24,939 [INFO] IPUIPlugin:80 - create IPUIPlugin
2024-09-29 10:21:24,939 [INFO] PluginManager:220 - loadIPPluginJar : add gtzc
2024-09-29 10:21:24,975 [INFO] IPUIPlugin:80 - create IPUIPlugin
2024-09-29 10:21:24,975 [INFO] PluginManager:220 - loadIPPluginJar : add hash
2024-09-29 10:21:25,029 [INFO] IPUIPlugin:80 - create IPUIPlugin
2024-09-29 10:21:25,029 [INFO] PluginManager:220 - loadIPPluginJar : add i2c
2024-09-29 10:21:25,069 [INFO] IPUIPlugin:80 - create IPUIPlugin
2024-09-29 10:21:25,069 [INFO] PluginManager:220 - loadIPPluginJar : add i2s
2024-09-29 10:21:25,112 [INFO] IPUIPlugin:80 - create IPUIPlugin
2024-09-29 10:21:25,112 [INFO] PluginManager:220 - loadIPPluginJar : add i3c
2024-09-29 10:21:25,224 [INFO] IPUIPlugin:80 - create IPUIPlugin
2024-09-29 10:21:25,224 [INFO] PluginManager:220 - loadIPPluginJar : add ipddr
2024-09-29 10:21:25,316 [INFO] IPUIPlugin:80 - create IPUIPlugin
2024-09-29 10:21:25,316 [INFO] PluginManager:220 - loadIPPluginJar : add linkedlist
2024-09-29 10:21:25,352 [INFO] IPUIPlugin:80 - create IPUIPlugin
2024-09-29 10:21:25,352 [INFO] PluginManager:220 - loadIPPluginJar : add lorawan
2024-09-29 10:21:25,391 [INFO] IPUIPlugin:80 - create IPUIPlugin
2024-09-29 10:21:25,391 [INFO] PluginManager:220 - loadIPPluginJar : add ltdc
2024-09-29 10:21:25,406 [INFO] IPUIPlugin:80 - create IPUIPlugin
2024-09-29 10:21:25,406 [INFO] PluginManager:220 - loadIPPluginJar : add mdma
2024-09-29 10:21:25,418 [INFO] IPUIPlugin:80 - create IPUIPlugin
2024-09-29 10:21:25,418 [INFO] PluginManager:220 - loadIPPluginJar : add nvic
2024-09-29 10:21:25,460 [INFO] IPUIPlugin:80 - create IPUIPlugin
2024-09-29 10:21:25,460 [INFO] PluginManager:220 - loadIPPluginJar : add opamp
2024-09-29 10:21:25,524 [INFO] IPUIPlugin:80 - create IPUIPlugin
2024-09-29 10:21:25,524 [INFO] PluginManager:220 - loadIPPluginJar : add openamp
2024-09-29 10:21:25,566 [INFO] IPUIPlugin:80 - create IPUIPlugin
2024-09-29 10:21:25,566 [INFO] PluginManager:220 - loadIPPluginJar : add pdm2pcm
2024-09-29 10:21:25,581 [INFO] IPUIPlugin:80 - create IPUIPlugin
2024-09-29 10:21:25,583 [INFO] PluginManager:220 - loadIPPluginJar : add plateformsettings
2024-09-29 10:21:25,607 [INFO] IPUIPlugin:80 - create IPUIPlugin
2024-09-29 10:21:25,607 [INFO] PluginManager:220 - loadIPPluginJar : add quadspi
2024-09-29 10:21:25,620 [INFO] IPUIPlugin:80 - create IPUIPlugin
2024-09-29 10:21:25,620 [INFO] PluginManager:220 - loadIPPluginJar : add resmgrutility
2024-09-29 10:21:25,671 [INFO] IPUIPlugin:80 - create IPUIPlugin
2024-09-29 10:21:25,672 [INFO] PluginManager:220 - loadIPPluginJar : add sai
2024-09-29 10:21:25,709 [INFO] IPUIPlugin:80 - create IPUIPlugin
2024-09-29 10:21:25,709 [INFO] PluginManager:220 - loadIPPluginJar : add spi
2024-09-29 10:21:25,780 [INFO] IPUIPlugin:80 - create IPUIPlugin
2024-09-29 10:21:25,780 [INFO] PluginManager:220 - loadIPPluginJar : add stm32_wpan
2024-09-29 10:21:25,803 [INFO] IPUIPlugin:80 - create IPUIPlugin
2024-09-29 10:21:25,803 [INFO] PluginManager:220 - loadIPPluginJar : add tim
2024-09-29 10:21:25,867 [INFO] IPUIPlugin:80 - create IPUIPlugin
2024-09-29 10:21:25,868 [INFO] PluginManager:220 - loadIPPluginJar : add touchsensing
2024-09-29 10:21:25,891 [INFO] IPUIPlugin:80 - create IPUIPlugin
2024-09-29 10:21:25,891 [INFO] PluginManager:220 - loadIPPluginJar : add tracer_emb
2024-09-29 10:21:25,915 [INFO] IPUIPlugin:80 - create IPUIPlugin
2024-09-29 10:21:25,915 [INFO] PluginManager:220 - loadIPPluginJar : add ts
2024-09-29 10:21:25,937 [INFO] IPUIPlugin:80 - create IPUIPlugin
2024-09-29 10:21:25,937 [INFO] PluginManager:220 - loadIPPluginJar : add tsc
2024-09-29 10:21:25,960 [INFO] IPUIPlugin:80 - create IPUIPlugin
2024-09-29 10:21:25,960 [INFO] PluginManager:220 - loadIPPluginJar : add ucpd
2024-09-29 10:21:26,007 [INFO] IPUIPlugin:80 - create IPUIPlugin
2024-09-29 10:21:26,007 [INFO] PluginManager:220 - loadIPPluginJar : add usart
2024-09-29 10:21:26,058 [INFO] IPUIPlugin:80 - create IPUIPlugin
2024-09-29 10:21:26,058 [INFO] PluginManager:220 - loadIPPluginJar : add usbx
2024-09-29 10:21:26,193 [INFO] CADModel:165 - CPN selected for project level
2024-09-29 10:21:26,194 [INFO] CADModel:114 - Register for checkConnection events
2024-09-29 10:21:26,194 [FATAL] Updater:308 - Updater called before beeing initialized
2024-09-29 10:21:26,195 [ERROR] CADModel:125 - Updater not yet initialized, retry later 
2024-09-29 10:21:26,353 [INFO] CADModel:165 - CPN selected for project level
2024-09-29 10:21:26,353 [INFO] CADModel:114 - Register for checkConnection events
2024-09-29 10:21:26,353 [FATAL] Updater:308 - Updater called before beeing initialized
2024-09-29 10:21:26,354 [ERROR] CADModel:125 - Updater not yet initialized, retry later 
2024-09-29 10:21:26,357 [FATAL] Updater:308 - Updater called before beeing initialized
2024-09-29 10:21:26,474 [FATAL] Updater:308 - Updater called before beeing initialized
2024-09-29 10:21:26,484 [INFO] DbMcusAds:53 - JSON generation date=Fri Sep 20 18:04:23 PKT 2024 (1726837463113)
2024-09-29 10:21:26,484 [FATAL] Updater:308 - Updater called before beeing initialized
2024-09-29 10:21:26,575 [WARN] DetailPanel:346 - Failed to get advertising image, set to default
2024-09-29 10:21:26,627 [INFO] ThirdPartyUpdaterWithRetryManager:70 - Updater plugin not ready yet. [2/15]
2024-09-29 10:21:26,667 [FATAL] Updater:308 - Updater called before beeing initialized
2024-09-29 10:21:26,670 [FATAL] Updater:308 - Updater called before beeing initialized
2024-09-29 10:21:26,670 [FATAL] Updater:308 - Updater called before beeing initialized
2024-09-29 10:21:26,670 [WARN] DetailPanel:346 - Failed to get advertising image, set to default
2024-09-29 10:21:26,671 [FATAL] Updater:308 - Updater called before beeing initialized
2024-09-29 10:21:26,738 [ERROR] Updater:1120 - MainUpdater not yet initialized. External WinMGr cannot be set.
2024-09-29 10:21:26,752 [INFO] Updater:1056 - Updater Version found : 6.11.1
2024-09-29 10:21:26,776 [INFO] ApplicationProperties:184 - Using Application install path: C:\ST\STM32CubeIDE_1.15.1\STM32CubeIDE\plugins\com.st.stm32cube.common.mx_6.11.1.202404110753
2024-09-29 10:21:28,380 [ERROR] LogOutputStream:75 - [STDERR_REDIRECT] Sep 29, 2024 10:21:28 AM java.util.prefs.WindowsPreferences <init>
2024-09-29 10:21:28,382 [ERROR] LogOutputStream:75 - [STDERR_REDIRECT] WARNING: Could not open/create prefs root node Software\JavaSoft\Prefs at root 0xffffffff80000002. Windows RegCreateKeyEx(...) returned error code 5.
2024-09-29 10:21:28,382 [ERROR] LogOutputStream:75 - [STDERR_REDIRECT] 
2024-09-29 10:21:29,643 [FATAL] Updater:308 - Updater called before beeing initialized
2024-09-29 10:21:29,643 [ERROR] IntegrityCheckThread:130 - Cannot retrieve database content from updater: error 21
2024-09-29 10:21:29,644 [INFO] ThirdParty:978 - Integrity check success = false
2024-09-29 10:21:29,645 [INFO] MainUpdater:2873 - connection check result : 10
2024-09-29 10:21:29,645 [INFO] MainUpdater:3567 - Updater definition file requires update
2024-09-29 10:21:29,644 [INFO] IntegrityCheckThread:100 - exiting critical section [integrity check]
2024-09-29 10:21:29,646 [INFO] IntegrityCheckThread:103 - End integrity checks thread
2024-09-29 10:21:29,646 [INFO] MainUpdater:290 - Updater Check For Update Now.
2024-09-29 10:21:29,647 [INFO] MicroXplorer:498 - Change Database Version : DB.6.0.111
2024-09-29 10:21:29,672 [INFO] McuFinderGlobals:63 - Set McuFinder mode to 2 (CubeIDE integrated)
2024-09-29 10:21:29,684 [INFO] UserAuth:415 - Internet connection configuration mode: 1
2024-09-29 10:21:29,706 [INFO] JxBrowserEngine:152 - Initiate JxBrowser Engine with user profile folder
2024-09-29 10:21:30,224 [INFO] ServerAccessManage:473 - Download File updaters.zip
2024-09-29 10:21:30,411 [INFO] FileExtend:240 - Unzip File : updaters.zip
2024-09-29 10:21:30,411 [INFO] FileExtend:255 - Standard Zip Deflate
2024-09-29 10:21:31,144 [INFO] ServerAccessManage:473 - Download File PacksControlFlags.xml
2024-09-29 10:21:31,354 [INFO] ServerAccessManage:473 - Download File cubemx.pidx
2024-09-29 10:21:33,275 [INFO] ServerAccessManage:473 - Download File STMicroelectronics.X-CUBE-NFC9.pdsc
2024-09-29 10:21:34,182 [INFO] ServerAccessManage:473 - Download File STMicroelectronics.X-CUBE-NFC10.pdsc
2024-09-29 10:21:35,604 [WARN] PackLoader:240 - Cannot read IP mode file for STMicroelectronics.X-CUBE-NFC9.1.0.0
2024-09-29 10:21:35,615 [WARN] PackLoader:240 - Cannot read IP mode file for STMicroelectronics.X-CUBE-NFC10.1.0.0
2024-09-29 10:21:35,618 [INFO] PopulateThirdPartyThread:66 - Ending populate Thread
2024-09-29 10:21:35,619 [INFO] ThirdParty:1030 - CMSIS Pack Vendor :STMicroelectronics X-CUBE-NFC9 1.0.0
2024-09-29 10:21:35,619 [INFO] ThirdParty:1030 - CMSIS Pack Vendor :STMicroelectronics X-CUBE-NFC10 1.0.0
2024-09-29 10:21:35,619 [INFO] LoadServerUpdatesThread:375 - End of LoadServerUpdate Thread
2024-09-29 10:21:35,826 [INFO] CheckServerUpdateThread:120 - End of CheckServer Thread
2024-09-29 10:21:38,689 [INFO] WebApp:161 - Instantiating new browser for Auth
2024-09-29 10:21:39,645 [INFO] WebApp:779 - Register for checkConnection events
2024-09-29 10:21:39,645 [INFO] WebApp:414 - Apply proxy settings
2024-09-29 10:21:39,645 [INFO] WebApp:499 - Chromium requires no authentication
2024-09-29 10:21:39,654 [INFO] WebApp:442 - Direct internet connection detected
2024-09-29 10:21:39,911 [INFO] WebApp:192 - Starting web application
2024-09-29 10:21:39,911 [INFO] WebApp:544 - Web application path used C:\ST\STM32CubeIDE_1.15.1\STM32CubeIDE\plugins\com.st.stm32cube.common.mx_6.11.1.202404110753\db\plugins\mcufinder\reactClient1\index.html
